{"total": {"lines":{"total":167,"covered":125,"skipped":0,"pct":74.85},"statements":{"total":186,"covered":133,"skipped":0,"pct":71.5},"functions":{"total":58,"covered":35,"skipped":0,"pct":60.34},"branches":{"total":84,"covered":53,"skipped":0,"pct":63.09},"branchesTrue":{"total":0,"covered":0,"skipped":0,"pct":100}}
,"/Users/imamuratomoya/Desktop/memo-app/pwa-notes/src/components/InstallPrompt.tsx": {"lines":{"total":7,"covered":5,"skipped":0,"pct":71.42},"functions":{"total":1,"covered":1,"skipped":0,"pct":100},"statements":{"total":9,"covered":7,"skipped":0,"pct":77.77},"branches":{"total":7,"covered":4,"skipped":0,"pct":57.14}}
,"/Users/imamuratomoya/Desktop/memo-app/pwa-notes/src/components/NoteCard.tsx": {"lines":{"total":11,"covered":6,"skipped":0,"pct":54.54},"functions":{"total":7,"covered":4,"skipped":0,"pct":57.14},"statements":{"total":11,"covered":6,"skipped":0,"pct":54.54},"branches":{"total":12,"covered":8,"skipped":0,"pct":66.66}}
,"/Users/imamuratomoya/Desktop/memo-app/pwa-notes/src/db/idb.ts": {"lines":{"total":19,"covered":19,"skipped":0,"pct":100},"functions":{"total":3,"covered":3,"skipped":0,"pct":100},"statements":{"total":19,"covered":19,"skipped":0,"pct":100},"branches":{"total":8,"covered":6,"skipped":0,"pct":75}}
,"/Users/imamuratomoya/Desktop/memo-app/pwa-notes/src/db/queries.ts": {"lines":{"total":62,"covered":45,"skipped":0,"pct":72.58},"functions":{"total":14,"covered":9,"skipped":0,"pct":64.28},"statements":{"total":67,"covered":46,"skipped":0,"pct":68.65},"branches":{"total":25,"covered":17,"skipped":0,"pct":68}}
,"/Users/imamuratomoya/Desktop/memo-app/pwa-notes/src/hooks/useInstallPrompt.ts": {"lines":{"total":27,"covered":18,"skipped":0,"pct":66.66},"functions":{"total":7,"covered":4,"skipped":0,"pct":57.14},"statements":{"total":28,"covered":18,"skipped":0,"pct":64.28},"branches":{"total":6,"covered":3,"skipped":0,"pct":50}}
,"/Users/imamuratomoya/Desktop/memo-app/pwa-notes/src/routes/Home.tsx": {"lines":{"total":41,"covered":32,"skipped":0,"pct":78.04},"functions":{"total":26,"covered":14,"skipped":0,"pct":53.84},"statements":{"total":52,"covered":37,"skipped":0,"pct":71.15},"branches":{"total":26,"covered":15,"skipped":0,"pct":57.69}}
}
